2019-02-25 10:58:29,731 [main] INFO  org.apache.axis2.deployment.DeploymentEngine  - No services directory was found under C:\Postdoc\post-doc\projects\SDSN\Factory\sample\confs\axis2.xml.
2019-02-25 10:58:29,731 [main] INFO  org.apache.axis2.deployment.DeploymentEngine  - No modules directory was found under C:\Postdoc\post-doc\projects\SDSN\Factory\sample\confs\axis2.xml.
2019-02-25 10:58:29,778 [main] INFO  au.edu.swin.ict.road.demarshalling.CompositeDemarshaller  - Starting instantiation of src\main\resources\roadside_oh\smc_target.xml
2019-02-25 10:58:30,418 [main] INFO  au.edu.swin.ict.road.demarshalling.CompositeDemarshaller  - Starting instantiation of src\main\resources\roadside_oh\smc_target.xml
2019-02-25 10:58:30,434 [main] INFO  au.edu.swin.ict.serendip.util.BenchUtil  - Bench mark OFF
2019-02-25 10:58:30,449 [main] INFO  au.edu.swin.ict.road.common.DroolsRules  - Reading KB from roadside_global.drl
2019-02-25 10:58:30,496 [main] WARN  org.kie.scanner.embedder.MavenSettings  - Environment variable M2_HOME is not set
2019-02-25 10:58:30,527 [main] INFO  org.kie.scanner.embedder.MavenEmbedderUtils  - Not in OSGi: using plexus based maven parser
2019-02-25 10:58:31,590 [main] INFO  org.kie.internal.utils.ServiceDiscovery  - Discovered kie.conf url=jar:file:/C:/Postdoc/post-doc/projects/SDSN/lib/drools-beliefs-6.3.0.Final.jar!/META-INF/kie.conf 
2019-02-25 10:58:31,652 [main] INFO  org.kie.internal.utils.ServiceDiscovery  - Adding Assembler org.drools.beliefs.bayes.assembler.BayesAssemblerService 
2019-02-25 10:58:31,652 [main] INFO  org.kie.internal.utils.ServiceDiscovery  - Adding Weaver org.kie.internal.weaver.KieWeaversImpl 
2019-02-25 10:58:31,652 [main] INFO  org.kie.internal.utils.ServiceDiscovery  - Adding Runtime org.drools.beliefs.bayes.runtime.BayesRuntime 
2019-02-25 10:58:32,699 [main] INFO  org.drools.compiler.kie.builder.impl.KieRepositoryImpl  - KieModule was added: MemoryKieModule[releaseId=roadside_global.drl:road-rep:1.0.0]
2019-02-25 10:58:32,949 [main] INFO  au.edu.swin.ict.serendip.core.SerendipEngine  - Creating the synchronization engine
2019-02-25 10:58:32,949 [main] INFO  au.edu.swin.ict.serendip.core.ModelProviderFactory  - Instantiating the MPF
2019-02-25 10:58:32,980 [main] INFO  au.edu.swin.ict.road.common.DroolsRules  - Reading KB from MM_SYN.drl
2019-02-25 10:58:32,980 [main] INFO  org.kie.scanner.embedder.MavenEmbedderUtils  - Not in OSGi: using plexus based maven parser
2019-02-25 10:58:33,121 [main] INFO  org.drools.compiler.kie.builder.impl.KieRepositoryImpl  - KieModule was added: MemoryKieModule[releaseId=MM_SYN.drl:road-rep:1.0.0]
2019-02-25 10:58:33,121 [main] INFO  au.edu.swin.ict.road.common.DroolsRules  - Reading KB from MM_Routing.drl
2019-02-25 10:58:33,121 [main] INFO  org.kie.scanner.embedder.MavenEmbedderUtils  - Not in OSGi: using plexus based maven parser
2019-02-25 10:58:33,292 [main] INFO  org.drools.compiler.kie.builder.impl.KieRepositoryImpl  - KieModule was added: MemoryKieModule[releaseId=MM_Routing.drl:road-rep:1.0.0]
2019-02-25 10:58:33,308 [main] INFO  au.edu.swin.ict.road.composite.Composite  - Adding role with id 'MM' to composite roadside
2019-02-25 10:58:33,308 [main] INFO  au.edu.swin.ict.road.common.DroolsRules  - Reading KB from SC_SYN.drl
2019-02-25 10:58:33,308 [main] INFO  org.kie.scanner.embedder.MavenEmbedderUtils  - Not in OSGi: using plexus based maven parser
2019-02-25 10:58:33,480 [main] INFO  org.drools.compiler.kie.builder.impl.KieRepositoryImpl  - KieModule was added: MemoryKieModule[releaseId=SC_SYN.drl:road-rep:1.0.0]
2019-02-25 10:58:33,480 [main] INFO  au.edu.swin.ict.road.common.DroolsRules  - Reading KB from SC_Routing.drl
2019-02-25 10:58:33,480 [main] INFO  org.kie.scanner.embedder.MavenEmbedderUtils  - Not in OSGi: using plexus based maven parser
2019-02-25 10:58:33,652 [main] INFO  org.drools.compiler.kie.builder.impl.KieRepositoryImpl  - KieModule was added: MemoryKieModule[releaseId=SC_Routing.drl:road-rep:1.0.0]
2019-02-25 10:58:33,652 [main] INFO  au.edu.swin.ict.road.composite.Composite  - Adding role with id 'SC' to composite roadside
2019-02-25 10:58:33,652 [main] INFO  au.edu.swin.ict.road.common.DroolsRules  - Reading KB from GC1_SYN.drl
2019-02-25 10:58:33,652 [main] INFO  org.kie.scanner.embedder.MavenEmbedderUtils  - Not in OSGi: using plexus based maven parser
2019-02-25 10:58:33,777 [main] INFO  org.drools.compiler.kie.builder.impl.KieRepositoryImpl  - KieModule was added: MemoryKieModule[releaseId=GC1_SYN.drl:road-rep:1.0.0]
2019-02-25 10:58:33,777 [main] INFO  au.edu.swin.ict.road.common.DroolsRules  - Reading KB from GC1_Routing.drl
2019-02-25 10:58:33,777 [main] INFO  org.kie.scanner.embedder.MavenEmbedderUtils  - Not in OSGi: using plexus based maven parser
2019-02-25 10:58:33,917 [main] INFO  org.drools.compiler.kie.builder.impl.KieRepositoryImpl  - KieModule was added: MemoryKieModule[releaseId=GC1_Routing.drl:road-rep:1.0.0]
2019-02-25 10:58:33,933 [main] INFO  au.edu.swin.ict.road.composite.Composite  - Adding role with id 'GC1' to composite roadside
2019-02-25 10:58:33,933 [main] INFO  au.edu.swin.ict.road.common.DroolsRules  - Reading KB from FD_SYN.drl
2019-02-25 10:58:33,933 [main] INFO  org.kie.scanner.embedder.MavenEmbedderUtils  - Not in OSGi: using plexus based maven parser
2019-02-25 10:58:34,042 [main] INFO  org.drools.compiler.kie.builder.impl.KieRepositoryImpl  - KieModule was added: MemoryKieModule[releaseId=FD_SYN.drl:road-rep:1.0.0]
2019-02-25 10:58:34,042 [main] INFO  au.edu.swin.ict.road.common.DroolsRules  - Reading KB from FD_Routing.drl
2019-02-25 10:58:34,042 [main] INFO  org.kie.scanner.embedder.MavenEmbedderUtils  - Not in OSGi: using plexus based maven parser
2019-02-25 10:58:34,169 [main] INFO  org.drools.compiler.kie.builder.impl.KieRepositoryImpl  - KieModule was added: MemoryKieModule[releaseId=FD_Routing.drl:road-rep:1.0.0]
2019-02-25 10:58:34,169 [main] INFO  au.edu.swin.ict.road.composite.Composite  - Adding role with id 'FD' to composite roadside
2019-02-25 10:58:34,169 [main] INFO  au.edu.swin.ict.road.common.DroolsRules  - Reading KB from TC2_SYN.drl
2019-02-25 10:58:34,169 [main] INFO  org.kie.scanner.embedder.MavenEmbedderUtils  - Not in OSGi: using plexus based maven parser
2019-02-25 10:58:34,262 [main] INFO  org.drools.compiler.kie.builder.impl.KieRepositoryImpl  - KieModule was added: MemoryKieModule[releaseId=TC2_SYN.drl:road-rep:1.0.0]
2019-02-25 10:58:34,262 [main] INFO  au.edu.swin.ict.road.common.DroolsRules  - Reading KB from TC2_Routing.drl
2019-02-25 10:58:34,262 [main] INFO  org.kie.scanner.embedder.MavenEmbedderUtils  - Not in OSGi: using plexus based maven parser
2019-02-25 10:58:34,356 [main] INFO  org.drools.compiler.kie.builder.impl.KieRepositoryImpl  - KieModule was added: MemoryKieModule[releaseId=TC2_Routing.drl:road-rep:1.0.0]
2019-02-25 10:58:34,356 [main] INFO  au.edu.swin.ict.road.composite.Composite  - Adding role with id 'TC2' to composite roadside
2019-02-25 10:58:34,356 [main] INFO  au.edu.swin.ict.road.common.DroolsRules  - Reading KB from PS_SYN.drl
2019-02-25 10:58:34,356 [main] INFO  org.kie.scanner.embedder.MavenEmbedderUtils  - Not in OSGi: using plexus based maven parser
2019-02-25 10:58:34,450 [main] INFO  org.drools.compiler.kie.builder.impl.KieRepositoryImpl  - KieModule was added: MemoryKieModule[releaseId=PS_SYN.drl:road-rep:1.0.0]
2019-02-25 10:58:34,450 [main] INFO  au.edu.swin.ict.road.common.DroolsRules  - Reading KB from PS_Routing.drl
2019-02-25 10:58:34,450 [main] INFO  org.kie.scanner.embedder.MavenEmbedderUtils  - Not in OSGi: using plexus based maven parser
2019-02-25 10:58:34,544 [main] INFO  org.drools.compiler.kie.builder.impl.KieRepositoryImpl  - KieModule was added: MemoryKieModule[releaseId=PS_Routing.drl:road-rep:1.0.0]
2019-02-25 10:58:34,544 [main] INFO  au.edu.swin.ict.road.composite.Composite  - Adding role with id 'PS' to composite roadside
2019-02-25 10:58:34,544 [main] INFO  au.edu.swin.ict.road.common.DroolsRules  - Reading KB from AS_SYN.drl
2019-02-25 10:58:34,544 [main] INFO  org.kie.scanner.embedder.MavenEmbedderUtils  - Not in OSGi: using plexus based maven parser
2019-02-25 10:58:34,622 [main] INFO  org.drools.compiler.kie.builder.impl.KieRepositoryImpl  - KieModule was added: MemoryKieModule[releaseId=AS_SYN.drl:road-rep:1.0.0]
2019-02-25 10:58:34,637 [main] INFO  au.edu.swin.ict.road.common.DroolsRules  - Reading KB from AS_Routing.drl
2019-02-25 10:58:34,637 [main] INFO  org.kie.scanner.embedder.MavenEmbedderUtils  - Not in OSGi: using plexus based maven parser
2019-02-25 10:58:34,715 [main] INFO  org.drools.compiler.kie.builder.impl.KieRepositoryImpl  - KieModule was added: MemoryKieModule[releaseId=AS_Routing.drl:road-rep:1.0.0]
2019-02-25 10:58:34,715 [main] INFO  au.edu.swin.ict.road.composite.Composite  - Adding role with id 'AS' to composite roadside
2019-02-25 10:58:34,715 [main] INFO  au.edu.swin.ict.road.common.DroolsRules  - Reading KB from LF_SYN.drl
2019-02-25 10:58:34,715 [main] INFO  org.kie.scanner.embedder.MavenEmbedderUtils  - Not in OSGi: using plexus based maven parser
2019-02-25 10:58:34,825 [main] INFO  org.drools.compiler.kie.builder.impl.KieRepositoryImpl  - KieModule was added: MemoryKieModule[releaseId=LF_SYN.drl:road-rep:1.0.0]
2019-02-25 10:58:34,840 [main] INFO  au.edu.swin.ict.road.common.DroolsRules  - Reading KB from LF_Routing.drl
2019-02-25 10:58:34,840 [main] INFO  org.kie.scanner.embedder.MavenEmbedderUtils  - Not in OSGi: using plexus based maven parser
2019-02-25 10:58:34,919 [main] INFO  org.drools.compiler.kie.builder.impl.KieRepositoryImpl  - KieModule was added: MemoryKieModule[releaseId=LF_Routing.drl:road-rep:1.0.0]
2019-02-25 10:58:34,950 [main] INFO  au.edu.swin.ict.road.composite.Composite  - Adding role with id 'LF' to composite roadside
2019-02-25 10:58:34,950 [main] INFO  au.edu.swin.ict.road.common.DroolsRules  - Reading KB from HC_SYN.drl
2019-02-25 10:58:34,950 [main] INFO  org.kie.scanner.embedder.MavenEmbedderUtils  - Not in OSGi: using plexus based maven parser
2019-02-25 10:58:35,028 [main] INFO  org.drools.compiler.kie.builder.impl.KieRepositoryImpl  - KieModule was added: MemoryKieModule[releaseId=HC_SYN.drl:road-rep:1.0.0]
2019-02-25 10:58:35,028 [main] INFO  au.edu.swin.ict.road.common.DroolsRules  - Reading KB from HC_Routing.drl
2019-02-25 10:58:35,028 [main] INFO  org.kie.scanner.embedder.MavenEmbedderUtils  - Not in OSGi: using plexus based maven parser
2019-02-25 10:58:35,106 [main] INFO  org.drools.compiler.kie.builder.impl.KieRepositoryImpl  - KieModule was added: MemoryKieModule[releaseId=HC_Routing.drl:road-rep:1.0.0]
2019-02-25 10:58:35,106 [main] INFO  au.edu.swin.ict.road.composite.Composite  - Adding role with id 'HC' to composite roadside
2019-02-25 10:58:35,106 [main] INFO  au.edu.swin.ict.road.common.DroolsRules  - Reading KB from VC_SYN.drl
2019-02-25 10:58:35,106 [main] INFO  org.kie.scanner.embedder.MavenEmbedderUtils  - Not in OSGi: using plexus based maven parser
2019-02-25 10:58:35,215 [main] INFO  org.drools.compiler.kie.builder.impl.KieRepositoryImpl  - KieModule was added: MemoryKieModule[releaseId=VC_SYN.drl:road-rep:1.0.0]
2019-02-25 10:58:35,215 [main] INFO  au.edu.swin.ict.road.common.DroolsRules  - Reading KB from VC_Routing.drl
2019-02-25 10:58:35,215 [main] INFO  org.kie.scanner.embedder.MavenEmbedderUtils  - Not in OSGi: using plexus based maven parser
2019-02-25 10:58:35,325 [main] INFO  org.drools.compiler.kie.builder.impl.KieRepositoryImpl  - KieModule was added: MemoryKieModule[releaseId=VC_Routing.drl:road-rep:1.0.0]
2019-02-25 10:58:35,325 [main] INFO  au.edu.swin.ict.road.composite.Composite  - Adding role with id 'VC' to composite roadside
2019-02-25 10:58:35,325 [main] INFO  au.edu.swin.ict.road.common.DroolsRules  - Reading KB from TX_SYN.drl
2019-02-25 10:58:35,325 [main] INFO  org.kie.scanner.embedder.MavenEmbedderUtils  - Not in OSGi: using plexus based maven parser
2019-02-25 10:58:35,418 [main] INFO  org.drools.compiler.kie.builder.impl.KieRepositoryImpl  - KieModule was added: MemoryKieModule[releaseId=TX_SYN.drl:road-rep:1.0.0]
2019-02-25 10:58:35,418 [main] INFO  au.edu.swin.ict.road.common.DroolsRules  - Reading KB from TX_Routing.drl
2019-02-25 10:58:35,418 [main] INFO  org.kie.scanner.embedder.MavenEmbedderUtils  - Not in OSGi: using plexus based maven parser
2019-02-25 10:58:35,512 [main] INFO  org.drools.compiler.kie.builder.impl.KieRepositoryImpl  - KieModule was added: MemoryKieModule[releaseId=TX_Routing.drl:road-rep:1.0.0]
2019-02-25 10:58:35,528 [main] INFO  au.edu.swin.ict.road.composite.Composite  - Adding role with id 'TX' to composite roadside
2019-02-25 10:58:35,528 [main] INFO  au.edu.swin.ict.road.common.DroolsRules  - Reading KB from SC-MM.drl
2019-02-25 10:58:35,528 [main] INFO  org.kie.scanner.embedder.MavenEmbedderUtils  - Not in OSGi: using plexus based maven parser
2019-02-25 10:58:35,621 [main] INFO  org.drools.compiler.kie.builder.impl.KieRepositoryImpl  - KieModule was added: MemoryKieModule[releaseId=SC-MM.drl:road-rep:1.0.0]
2019-02-25 10:58:35,637 [main] INFO  au.edu.swin.ict.road.composite.Composite  - Adding contract SC-MM to composite roadside
2019-02-25 10:58:35,637 [main] INFO  au.edu.swin.ict.road.common.DroolsRules  - Reading KB from MM-FD.drl
2019-02-25 10:58:35,637 [main] INFO  org.kie.scanner.embedder.MavenEmbedderUtils  - Not in OSGi: using plexus based maven parser
2019-02-25 10:58:35,715 [main] INFO  org.drools.compiler.kie.builder.impl.KieRepositoryImpl  - KieModule was added: MemoryKieModule[releaseId=MM-FD.drl:road-rep:1.0.0]
2019-02-25 10:58:35,715 [main] INFO  au.edu.swin.ict.road.composite.Composite  - Adding contract MM-FD to composite roadside
2019-02-25 10:58:35,715 [main] INFO  au.edu.swin.ict.road.common.DroolsRules  - Reading KB from SC-TC2.drl
2019-02-25 10:58:35,715 [main] INFO  org.kie.scanner.embedder.MavenEmbedderUtils  - Not in OSGi: using plexus based maven parser
2019-02-25 10:58:35,825 [main] INFO  org.drools.compiler.kie.builder.impl.KieRepositoryImpl  - KieModule was added: MemoryKieModule[releaseId=SC-TC2.drl:road-rep:1.0.0]
2019-02-25 10:58:35,825 [main] INFO  au.edu.swin.ict.road.composite.Composite  - Adding contract SC-TC2 to composite roadside
2019-02-25 10:58:35,825 [main] INFO  au.edu.swin.ict.road.common.DroolsRules  - Reading KB from GC1-TC2.drl
2019-02-25 10:58:35,825 [main] INFO  org.kie.scanner.embedder.MavenEmbedderUtils  - Not in OSGi: using plexus based maven parser
2019-02-25 10:58:35,918 [main] INFO  org.drools.compiler.kie.builder.impl.KieRepositoryImpl  - KieModule was added: MemoryKieModule[releaseId=GC1-TC2.drl:road-rep:1.0.0]
2019-02-25 10:58:35,918 [main] INFO  au.edu.swin.ict.road.composite.Composite  - Adding contract GC1-TC2 to composite roadside
2019-02-25 10:58:35,918 [main] INFO  au.edu.swin.ict.road.common.DroolsRules  - Reading KB from SC-GC1.drl
2019-02-25 10:58:35,918 [main] INFO  org.kie.scanner.embedder.MavenEmbedderUtils  - Not in OSGi: using plexus based maven parser
2019-02-25 10:58:36,012 [main] INFO  org.drools.compiler.kie.builder.impl.KieRepositoryImpl  - KieModule was added: MemoryKieModule[releaseId=SC-GC1.drl:road-rep:1.0.0]
2019-02-25 10:58:36,012 [main] INFO  au.edu.swin.ict.road.composite.Composite  - Adding contract SC-GC1 to composite roadside
2019-02-25 10:58:36,028 [main] INFO  au.edu.swin.ict.road.common.DroolsRules  - Reading KB from GC1-PS.drl
2019-02-25 10:58:36,028 [main] INFO  org.kie.scanner.embedder.MavenEmbedderUtils  - Not in OSGi: using plexus based maven parser
2019-02-25 10:58:36,121 [main] INFO  org.drools.compiler.kie.builder.impl.KieRepositoryImpl  - KieModule was added: MemoryKieModule[releaseId=GC1-PS.drl:road-rep:1.0.0]
2019-02-25 10:58:36,137 [main] INFO  au.edu.swin.ict.road.composite.Composite  - Adding contract GC1-PS to composite roadside
2019-02-25 10:58:36,137 [main] INFO  au.edu.swin.ict.road.common.DroolsRules  - Reading KB from PS-SC.drl
2019-02-25 10:58:36,137 [main] INFO  org.kie.scanner.embedder.MavenEmbedderUtils  - Not in OSGi: using plexus based maven parser
2019-02-25 10:58:36,246 [main] INFO  org.drools.compiler.kie.builder.impl.KieRepositoryImpl  - KieModule was added: MemoryKieModule[releaseId=PS-SC.drl:road-rep:1.0.0]
2019-02-25 10:58:36,246 [main] INFO  au.edu.swin.ict.road.composite.Composite  - Adding contract PS-SC to composite roadside
2019-02-25 10:58:36,246 [main] INFO  au.edu.swin.ict.road.common.DroolsRules  - Reading KB from GC1-AS.drl
2019-02-25 10:58:36,246 [main] INFO  org.kie.scanner.embedder.MavenEmbedderUtils  - Not in OSGi: using plexus based maven parser
2019-02-25 10:58:36,340 [main] INFO  org.drools.compiler.kie.builder.impl.KieRepositoryImpl  - KieModule was added: MemoryKieModule[releaseId=GC1-AS.drl:road-rep:1.0.0]
2019-02-25 10:58:36,340 [main] INFO  au.edu.swin.ict.road.composite.Composite  - Adding contract GC1-AS to composite roadside
2019-02-25 10:58:36,340 [main] INFO  au.edu.swin.ict.road.common.DroolsRules  - Reading KB from AS-SC.drl
2019-02-25 10:58:36,340 [main] INFO  org.kie.scanner.embedder.MavenEmbedderUtils  - Not in OSGi: using plexus based maven parser
2019-02-25 10:58:36,434 [main] INFO  org.drools.compiler.kie.builder.impl.KieRepositoryImpl  - KieModule was added: MemoryKieModule[releaseId=AS-SC.drl:road-rep:1.0.0]
2019-02-25 10:58:36,434 [main] INFO  au.edu.swin.ict.road.composite.Composite  - Adding contract AS-SC to composite roadside
2019-02-25 10:58:36,434 [main] INFO  au.edu.swin.ict.road.common.DroolsRules  - Reading KB from SC-LF.drl
2019-02-25 10:58:36,434 [main] INFO  org.kie.scanner.embedder.MavenEmbedderUtils  - Not in OSGi: using plexus based maven parser
2019-02-25 10:58:36,512 [main] INFO  org.drools.compiler.kie.builder.impl.KieRepositoryImpl  - KieModule was added: MemoryKieModule[releaseId=SC-LF.drl:road-rep:1.0.0]
2019-02-25 10:58:36,528 [main] INFO  au.edu.swin.ict.road.composite.Composite  - Adding contract SC-LF to composite roadside
2019-02-25 10:58:36,528 [main] INFO  au.edu.swin.ict.road.common.DroolsRules  - Reading KB from LF-TC2.drl
2019-02-25 10:58:36,528 [main] INFO  org.kie.scanner.embedder.MavenEmbedderUtils  - Not in OSGi: using plexus based maven parser
2019-02-25 10:58:36,621 [main] INFO  org.drools.compiler.kie.builder.impl.KieRepositoryImpl  - KieModule was added: MemoryKieModule[releaseId=LF-TC2.drl:road-rep:1.0.0]
2019-02-25 10:58:36,621 [main] INFO  au.edu.swin.ict.road.composite.Composite  - Adding contract LF-TC2 to composite roadside
2019-02-25 10:58:36,621 [main] INFO  au.edu.swin.ict.road.common.DroolsRules  - Reading KB from SC-HC.drl
2019-02-25 10:58:36,621 [main] INFO  org.kie.scanner.embedder.MavenEmbedderUtils  - Not in OSGi: using plexus based maven parser
2019-02-25 10:58:36,731 [main] INFO  org.drools.compiler.kie.builder.impl.KieRepositoryImpl  - KieModule was added: MemoryKieModule[releaseId=SC-HC.drl:road-rep:1.0.0]
2019-02-25 10:58:36,731 [main] INFO  au.edu.swin.ict.road.composite.Composite  - Adding contract SC-HC to composite roadside
2019-02-25 10:58:36,731 [main] INFO  au.edu.swin.ict.road.common.DroolsRules  - Reading KB from SC-VC.drl
2019-02-25 10:58:36,731 [main] INFO  org.kie.scanner.embedder.MavenEmbedderUtils  - Not in OSGi: using plexus based maven parser
2019-02-25 10:58:36,824 [main] INFO  org.drools.compiler.kie.builder.impl.KieRepositoryImpl  - KieModule was added: MemoryKieModule[releaseId=SC-VC.drl:road-rep:1.0.0]
2019-02-25 10:58:36,824 [main] INFO  au.edu.swin.ict.road.composite.Composite  - Adding contract SC-VC to composite roadside
2019-02-25 10:58:36,824 [main] INFO  au.edu.swin.ict.road.common.DroolsRules  - Reading KB from SC-TX.drl
2019-02-25 10:58:36,824 [main] INFO  org.kie.scanner.embedder.MavenEmbedderUtils  - Not in OSGi: using plexus based maven parser
2019-02-25 10:58:36,918 [main] INFO  org.drools.compiler.kie.builder.impl.KieRepositoryImpl  - KieModule was added: MemoryKieModule[releaseId=SC-TX.drl:road-rep:1.0.0]
2019-02-25 10:58:36,918 [main] INFO  au.edu.swin.ict.road.composite.Composite  - Adding contract SC-TX to composite roadside
2019-02-25 10:58:36,918 [main] INFO  au.edu.swin.ict.road.common.DroolsRules  - Reading KB from TX-MM.drl
2019-02-25 10:58:36,918 [main] INFO  org.kie.scanner.embedder.MavenEmbedderUtils  - Not in OSGi: using plexus based maven parser
2019-02-25 10:58:36,996 [main] INFO  org.drools.compiler.kie.builder.impl.KieRepositoryImpl  - KieModule was added: MemoryKieModule[releaseId=TX-MM.drl:road-rep:1.0.0]
2019-02-25 10:58:36,996 [main] INFO  au.edu.swin.ict.road.composite.Composite  - Adding contract TX-MM to composite roadside
2019-02-25 10:58:36,996 [main] INFO  au.edu.swin.ict.road.composite.Composite  - Deploying the regulation policy for the VSN : TestTenant as [ruAdmissionV1, ruCreateVsnInstance, ruDrop]
2019-02-25 10:58:36,996 [main] INFO  au.edu.swin.ict.road.composite.Composite  - Deploying the process TestTenant of the VSN : TestTenant
2019-02-25 10:58:37,012 [main] INFO  au.edu.swin.ict.road.composite.Composite  - Deploying regulation policy of the process TestTenant of the VSN : TestTenant as [CaseHandling, Reimbursement, TowingByTomTow, RepairingByMacRepair, PartsSupplyByJack, VehicleAssessment, LegalAssistance, RentingRoom, RentingVehicle, HiringTaxi]
2019-02-25 10:58:37,012 [main] INFO  au.edu.swin.ict.road.composite.Composite  - Deploying regulation policy of the process TestTenant of the VSN : TestTenant as [ruTerminateV1, ruActivateV1]
2019-02-25 10:58:37,012 [main] INFO  au.edu.swin.ict.serendip.core.SerendipEngine  - MM subscribed to the engine
2019-02-25 10:58:37,012 [main] INFO  au.edu.swin.ict.serendip.core.SerendipEngine  - SC subscribed to the engine
2019-02-25 10:58:37,012 [main] INFO  au.edu.swin.ict.serendip.core.SerendipEngine  - TC2 subscribed to the engine
2019-02-25 10:58:37,012 [main] INFO  au.edu.swin.ict.serendip.core.SerendipEngine  - AS subscribed to the engine
2019-02-25 10:58:37,012 [main] INFO  au.edu.swin.ict.serendip.core.SerendipEngine  - PS subscribed to the engine
2019-02-25 10:58:37,012 [main] INFO  au.edu.swin.ict.serendip.core.SerendipEngine  - GC1 subscribed to the engine
2019-02-25 10:58:37,012 [main] INFO  au.edu.swin.ict.serendip.core.SerendipEngine  - TX subscribed to the engine
2019-02-25 10:58:37,012 [main] INFO  au.edu.swin.ict.serendip.core.SerendipEngine  - LF subscribed to the engine
2019-02-25 10:58:37,012 [main] INFO  au.edu.swin.ict.serendip.core.SerendipEngine  - HC subscribed to the engine
2019-02-25 10:58:37,012 [main] INFO  au.edu.swin.ict.serendip.core.SerendipEngine  - VC subscribed to the engine
2019-02-25 10:58:37,012 [main] INFO  au.edu.swin.ict.serendip.core.SerendipEngine  - FD subscribed to the engine
2019-02-25 10:58:37,012 [main] INFO  au.edu.swin.ict.road.composite.Composite  - Deployment complete
2019-02-25 10:58:37,012 [main] INFO  au.edu.swin.ict.road.demarshalling.CompositeDemarshaller  - Serendip adminview disabled. If you need to monitor processes set SERENDIP_SHOW_ADMIN_VIEW=TRUEin serendip.properties file
2019-02-25 10:58:37,012 [main] INFO  au.edu.swin.ict.road.demarshalling.CompositeDemarshaller  - Finished instantiation of src\main\resources\roadside_oh\smc_target.xml
2019-02-25 10:58:37,012 [Thread-4] INFO  au.edu.swin.ict.road.composite.Composite  - Composite is now running...
2019-02-25 10:58:42,017 [main] INFO  au.edu.swin.ict.road.common.DroolsRules  - Reading KB from cus_policy.drl
2019-02-25 10:58:42,017 [main] INFO  org.kie.scanner.embedder.MavenEmbedderUtils  - Not in OSGi: using plexus based maven parser
2019-02-25 10:58:42,157 [main] INFO  org.drools.compiler.kie.builder.impl.KieRepositoryImpl  - KieModule was added: MemoryKieModule[releaseId=cus_policy.drl:road-rep:1.0.0]
2019-02-25 10:58:42,298 [main] INFO  au.edu.swin.ict.road.composite.OrganiserRole  - Organiser: Contains a VSN : TestTenant
2019-02-25 10:58:42,298 [main] INFO  au.edu.swin.ict.road.composite.OperationalManagerRole  - Operational Manager : add regulation units CaseHandling to the process : TestTenant
2019-02-25 10:58:42,298 [main] INFO  au.edu.swin.ict.road.composite.Composite  - Deploying regulation policy of the process TestTenant of the VSN : TestTenant as []
2019-02-25 10:58:42,298 [main] INFO  au.edu.swin.ict.road.composite.Composite  - Deploying regulation policy of the process TestTenant of the VSN : TestTenant as [CaseHandling]
2019-02-25 10:58:42,298 [main] INFO  au.edu.swin.ict.road.common.OperationalMgtOpResult  - The regulation units to the process TestTenanthave been added.
2019-02-25 10:58:42,298 [main] INFO  au.edu.swin.ict.road.composite.OrganiserRole  - Organiser: Contains a VSN : TestTenant
2019-02-25 10:58:42,298 [main] INFO  au.edu.swin.ict.road.composite.OperationalManagerRole  - Operational Manager : add regulation units Reimbursement to the process : TestTenant
2019-02-25 10:58:42,298 [main] INFO  au.edu.swin.ict.road.composite.Composite  - Deploying regulation policy of the process TestTenant of the VSN : TestTenant as []
2019-02-25 10:58:42,298 [main] INFO  au.edu.swin.ict.road.composite.Composite  - Deploying regulation policy of the process TestTenant of the VSN : TestTenant as [Reimbursement]
2019-02-25 10:58:42,298 [main] INFO  au.edu.swin.ict.road.common.OperationalMgtOpResult  - The regulation units to the process TestTenanthave been added.
2019-02-25 10:58:42,298 [main] INFO  au.edu.swin.ict.road.composite.OrganiserRole  - Organiser: Contains a VSN : TestTenant
2019-02-25 10:58:42,298 [main] INFO  au.edu.swin.ict.road.composite.OperationalManagerRole  - Operational Manager : add regulation units TowingByTomTow to the process : TestTenant
2019-02-25 10:58:42,298 [main] INFO  au.edu.swin.ict.road.composite.Composite  - Deploying regulation policy of the process TestTenant of the VSN : TestTenant as []
2019-02-25 10:58:42,298 [main] INFO  au.edu.swin.ict.road.composite.Composite  - Deploying regulation policy of the process TestTenant of the VSN : TestTenant as [TowingByTomTow]
2019-02-25 10:58:42,298 [main] INFO  au.edu.swin.ict.road.common.OperationalMgtOpResult  - The regulation units to the process TestTenanthave been added.
2019-02-25 10:58:42,298 [main] INFO  au.edu.swin.ict.road.composite.OrganiserRole  - Organiser: Contains a VSN : TestTenant
2019-02-25 10:58:42,298 [main] INFO  au.edu.swin.ict.road.composite.OperationalManagerRole  - Operational Manager : add regulation units RepairingByMacRepair to the process : TestTenant
2019-02-25 10:58:42,298 [main] INFO  au.edu.swin.ict.road.composite.Composite  - Deploying regulation policy of the process TestTenant of the VSN : TestTenant as []
2019-02-25 10:58:42,298 [main] INFO  au.edu.swin.ict.road.composite.Composite  - Deploying regulation policy of the process TestTenant of the VSN : TestTenant as [RepairingByMacRepair]
2019-02-25 10:58:42,298 [main] INFO  au.edu.swin.ict.road.common.OperationalMgtOpResult  - The regulation units to the process TestTenanthave been added.
2019-02-25 10:58:42,298 [main] INFO  au.edu.swin.ict.road.composite.OrganiserRole  - Organiser: Contains a VSN : TestTenant
2019-02-25 10:58:42,313 [main] INFO  au.edu.swin.ict.road.composite.OperationalManagerRole  - Operational Manager : add regulation units PartsSupplyByJack to the process : TestTenant
2019-02-25 10:58:42,313 [main] INFO  au.edu.swin.ict.road.composite.Composite  - Deploying regulation policy of the process TestTenant of the VSN : TestTenant as []
2019-02-25 10:58:42,313 [main] INFO  au.edu.swin.ict.road.composite.Composite  - Deploying regulation policy of the process TestTenant of the VSN : TestTenant as [PartsSupplyByJack]
2019-02-25 10:58:42,313 [main] INFO  au.edu.swin.ict.road.common.OperationalMgtOpResult  - The regulation units to the process TestTenanthave been added.
2019-02-25 10:58:42,313 [main] INFO  au.edu.swin.ict.road.composite.OrganiserRole  - Organiser: Contains a VSN : TestTenant
2019-02-25 10:58:42,313 [main] INFO  au.edu.swin.ict.road.composite.OperationalManagerRole  - Operational Manager : add regulation units VehicleAssessment to the process : TestTenant
2019-02-25 10:58:42,313 [main] INFO  au.edu.swin.ict.road.composite.Composite  - Deploying regulation policy of the process TestTenant of the VSN : TestTenant as []
2019-02-25 10:58:42,313 [main] INFO  au.edu.swin.ict.road.composite.Composite  - Deploying regulation policy of the process TestTenant of the VSN : TestTenant as [VehicleAssessment]
2019-02-25 10:58:42,313 [main] INFO  au.edu.swin.ict.road.common.OperationalMgtOpResult  - The regulation units to the process TestTenanthave been added.
2019-02-25 10:58:42,313 [main] INFO  au.edu.swin.ict.road.composite.OrganiserRole  - Organiser: Contains a VSN : TestTenant
2019-02-25 10:58:42,313 [main] INFO  au.edu.swin.ict.road.composite.OperationalManagerRole  - Operational Manager : add regulation units LegalAssistance to the process : TestTenant
2019-02-25 10:58:42,313 [main] INFO  au.edu.swin.ict.road.composite.Composite  - Deploying regulation policy of the process TestTenant of the VSN : TestTenant as []
2019-02-25 10:58:42,313 [main] INFO  au.edu.swin.ict.road.composite.Composite  - Deploying regulation policy of the process TestTenant of the VSN : TestTenant as [LegalAssistance]
2019-02-25 10:58:42,313 [main] INFO  au.edu.swin.ict.road.common.OperationalMgtOpResult  - The regulation units to the process TestTenanthave been added.
2019-02-25 10:58:42,313 [main] INFO  au.edu.swin.ict.road.composite.OrganiserRole  - Organiser: Contains a VSN : TestTenant
2019-02-25 10:58:42,313 [main] INFO  au.edu.swin.ict.road.composite.OperationalManagerRole  - Operational Manager : add regulation units RentingVehicle to the process : TestTenant
2019-02-25 10:58:42,313 [main] INFO  au.edu.swin.ict.road.composite.Composite  - Deploying regulation policy of the process TestTenant of the VSN : TestTenant as []
2019-02-25 10:58:42,313 [main] INFO  au.edu.swin.ict.road.composite.Composite  - Deploying regulation policy of the process TestTenant of the VSN : TestTenant as [RentingVehicle]
2019-02-25 10:58:42,313 [main] INFO  au.edu.swin.ict.road.common.OperationalMgtOpResult  - The regulation units to the process TestTenanthave been added.
2019-02-25 10:58:42,313 [main] INFO  au.edu.swin.ict.road.composite.OrganiserRole  - Organiser: Contains a VSN : TestTenant
2019-02-25 10:58:42,313 [main] INFO  au.edu.swin.ict.road.composite.OperationalManagerRole  - Operational Manager : add regulation units RentingRoom to the process : TestTenant
2019-02-25 10:58:42,313 [main] INFO  au.edu.swin.ict.road.composite.Composite  - Deploying regulation policy of the process TestTenant of the VSN : TestTenant as []
2019-02-25 10:58:42,313 [main] INFO  au.edu.swin.ict.road.composite.Composite  - Deploying regulation policy of the process TestTenant of the VSN : TestTenant as [RentingRoom]
2019-02-25 10:58:42,313 [main] INFO  au.edu.swin.ict.road.common.OperationalMgtOpResult  - The regulation units to the process TestTenanthave been added.
2019-02-25 10:58:42,313 [main] INFO  CUS  - 140
2019-02-25 11:02:17,599 [main] INFO  org.apache.axis2.deployment.DeploymentEngine  - No services directory was found under C:\Postdoc\post-doc\projects\SDSN\Factory\sample\confs\axis2.xml.
2019-02-25 11:02:17,599 [main] INFO  org.apache.axis2.deployment.DeploymentEngine  - No modules directory was found under C:\Postdoc\post-doc\projects\SDSN\Factory\sample\confs\axis2.xml.
2019-02-25 11:02:17,661 [main] INFO  au.edu.swin.ict.road.demarshalling.CompositeDemarshaller  - Starting instantiation of src\main\resources\roadside_oh\smc_target.xml
2019-02-25 11:02:18,286 [main] INFO  au.edu.swin.ict.road.demarshalling.CompositeDemarshaller  - Starting instantiation of src\main\resources\roadside_oh\smc_target.xml
2019-02-25 11:02:18,302 [main] INFO  au.edu.swin.ict.serendip.util.BenchUtil  - Bench mark OFF
2019-02-25 11:02:18,317 [main] INFO  au.edu.swin.ict.road.common.DroolsRules  - Reading KB from roadside_global.drl
2019-02-25 11:02:18,349 [main] WARN  org.kie.scanner.embedder.MavenSettings  - Environment variable M2_HOME is not set
2019-02-25 11:02:18,396 [main] INFO  org.kie.scanner.embedder.MavenEmbedderUtils  - Not in OSGi: using plexus based maven parser
2019-02-25 11:02:19,473 [main] INFO  org.kie.internal.utils.ServiceDiscovery  - Discovered kie.conf url=jar:file:/C:/Postdoc/post-doc/projects/SDSN/lib/drools-beliefs-6.3.0.Final.jar!/META-INF/kie.conf 
2019-02-25 11:02:19,536 [main] INFO  org.kie.internal.utils.ServiceDiscovery  - Adding Assembler org.drools.beliefs.bayes.assembler.BayesAssemblerService 
2019-02-25 11:02:19,536 [main] INFO  org.kie.internal.utils.ServiceDiscovery  - Adding Weaver org.kie.internal.weaver.KieWeaversImpl 
2019-02-25 11:02:19,536 [main] INFO  org.kie.internal.utils.ServiceDiscovery  - Adding Runtime org.drools.beliefs.bayes.runtime.BayesRuntime 
2019-02-25 11:02:20,569 [main] INFO  org.drools.compiler.kie.builder.impl.KieRepositoryImpl  - KieModule was added: MemoryKieModule[releaseId=roadside_global.drl:road-rep:1.0.0]
2019-02-25 11:02:20,834 [main] INFO  au.edu.swin.ict.serendip.core.SerendipEngine  - Creating the synchronization engine
2019-02-25 11:02:20,850 [main] INFO  au.edu.swin.ict.serendip.core.ModelProviderFactory  - Instantiating the MPF
2019-02-25 11:02:20,865 [main] INFO  au.edu.swin.ict.road.common.DroolsRules  - Reading KB from MM_SYN.drl
2019-02-25 11:02:20,865 [main] INFO  org.kie.scanner.embedder.MavenEmbedderUtils  - Not in OSGi: using plexus based maven parser
2019-02-25 11:02:21,006 [main] INFO  org.drools.compiler.kie.builder.impl.KieRepositoryImpl  - KieModule was added: MemoryKieModule[releaseId=MM_SYN.drl:road-rep:1.0.0]
2019-02-25 11:02:21,006 [main] INFO  au.edu.swin.ict.road.common.DroolsRules  - Reading KB from MM_Routing.drl
2019-02-25 11:02:21,006 [main] INFO  org.kie.scanner.embedder.MavenEmbedderUtils  - Not in OSGi: using plexus based maven parser
2019-02-25 11:02:21,182 [main] INFO  org.drools.compiler.kie.builder.impl.KieRepositoryImpl  - KieModule was added: MemoryKieModule[releaseId=MM_Routing.drl:road-rep:1.0.0]
2019-02-25 11:02:21,198 [main] INFO  au.edu.swin.ict.road.composite.Composite  - Adding role with id 'MM' to composite roadside
2019-02-25 11:02:21,198 [main] INFO  au.edu.swin.ict.road.common.DroolsRules  - Reading KB from SC_SYN.drl
2019-02-25 11:02:21,198 [main] INFO  org.kie.scanner.embedder.MavenEmbedderUtils  - Not in OSGi: using plexus based maven parser
2019-02-25 11:02:21,369 [main] INFO  org.drools.compiler.kie.builder.impl.KieRepositoryImpl  - KieModule was added: MemoryKieModule[releaseId=SC_SYN.drl:road-rep:1.0.0]
2019-02-25 11:02:21,369 [main] INFO  au.edu.swin.ict.road.common.DroolsRules  - Reading KB from SC_Routing.drl
2019-02-25 11:02:21,369 [main] INFO  org.kie.scanner.embedder.MavenEmbedderUtils  - Not in OSGi: using plexus based maven parser
2019-02-25 11:02:21,541 [main] INFO  org.drools.compiler.kie.builder.impl.KieRepositoryImpl  - KieModule was added: MemoryKieModule[releaseId=SC_Routing.drl:road-rep:1.0.0]
2019-02-25 11:02:21,541 [main] INFO  au.edu.swin.ict.road.composite.Composite  - Adding role with id 'SC' to composite roadside
2019-02-25 11:02:21,541 [main] INFO  au.edu.swin.ict.road.common.DroolsRules  - Reading KB from GC1_SYN.drl
2019-02-25 11:02:21,541 [main] INFO  org.kie.scanner.embedder.MavenEmbedderUtils  - Not in OSGi: using plexus based maven parser
2019-02-25 11:02:21,666 [main] INFO  org.drools.compiler.kie.builder.impl.KieRepositoryImpl  - KieModule was added: MemoryKieModule[releaseId=GC1_SYN.drl:road-rep:1.0.0]
2019-02-25 11:02:21,682 [main] INFO  au.edu.swin.ict.road.common.DroolsRules  - Reading KB from GC1_Routing.drl
2019-02-25 11:02:21,682 [main] INFO  org.kie.scanner.embedder.MavenEmbedderUtils  - Not in OSGi: using plexus based maven parser
2019-02-25 11:02:21,807 [main] INFO  org.drools.compiler.kie.builder.impl.KieRepositoryImpl  - KieModule was added: MemoryKieModule[releaseId=GC1_Routing.drl:road-rep:1.0.0]
2019-02-25 11:02:21,807 [main] INFO  au.edu.swin.ict.road.composite.Composite  - Adding role with id 'GC1' to composite roadside
2019-02-25 11:02:21,807 [main] INFO  au.edu.swin.ict.road.common.DroolsRules  - Reading KB from FD_SYN.drl
2019-02-25 11:02:21,807 [main] INFO  org.kie.scanner.embedder.MavenEmbedderUtils  - Not in OSGi: using plexus based maven parser
2019-02-25 11:02:21,916 [main] INFO  org.drools.compiler.kie.builder.impl.KieRepositoryImpl  - KieModule was added: MemoryKieModule[releaseId=FD_SYN.drl:road-rep:1.0.0]
2019-02-25 11:02:21,916 [main] INFO  au.edu.swin.ict.road.common.DroolsRules  - Reading KB from FD_Routing.drl
2019-02-25 11:02:21,916 [main] INFO  org.kie.scanner.embedder.MavenEmbedderUtils  - Not in OSGi: using plexus based maven parser
2019-02-25 11:02:22,010 [main] INFO  org.drools.compiler.kie.builder.impl.KieRepositoryImpl  - KieModule was added: MemoryKieModule[releaseId=FD_Routing.drl:road-rep:1.0.0]
2019-02-25 11:02:22,010 [main] INFO  au.edu.swin.ict.road.composite.Composite  - Adding role with id 'FD' to composite roadside
2019-02-25 11:02:22,010 [main] INFO  au.edu.swin.ict.road.common.DroolsRules  - Reading KB from TC2_SYN.drl
2019-02-25 11:02:22,010 [main] INFO  org.kie.scanner.embedder.MavenEmbedderUtils  - Not in OSGi: using plexus based maven parser
2019-02-25 11:02:22,135 [main] INFO  org.drools.compiler.kie.builder.impl.KieRepositoryImpl  - KieModule was added: MemoryKieModule[releaseId=TC2_SYN.drl:road-rep:1.0.0]
2019-02-25 11:02:22,135 [main] INFO  au.edu.swin.ict.road.common.DroolsRules  - Reading KB from TC2_Routing.drl
2019-02-25 11:02:22,135 [main] INFO  org.kie.scanner.embedder.MavenEmbedderUtils  - Not in OSGi: using plexus based maven parser
2019-02-25 11:02:22,213 [main] INFO  org.drools.compiler.kie.builder.impl.KieRepositoryImpl  - KieModule was added: MemoryKieModule[releaseId=TC2_Routing.drl:road-rep:1.0.0]
2019-02-25 11:02:22,229 [main] INFO  au.edu.swin.ict.road.composite.Composite  - Adding role with id 'TC2' to composite roadside
2019-02-25 11:02:22,229 [main] INFO  au.edu.swin.ict.road.common.DroolsRules  - Reading KB from PS_SYN.drl
2019-02-25 11:02:22,229 [main] INFO  org.kie.scanner.embedder.MavenEmbedderUtils  - Not in OSGi: using plexus based maven parser
2019-02-25 11:02:22,307 [main] INFO  org.drools.compiler.kie.builder.impl.KieRepositoryImpl  - KieModule was added: MemoryKieModule[releaseId=PS_SYN.drl:road-rep:1.0.0]
2019-02-25 11:02:22,322 [main] INFO  au.edu.swin.ict.road.common.DroolsRules  - Reading KB from PS_Routing.drl
2019-02-25 11:02:22,322 [main] INFO  org.kie.scanner.embedder.MavenEmbedderUtils  - Not in OSGi: using plexus based maven parser
2019-02-25 11:02:22,416 [main] INFO  org.drools.compiler.kie.builder.impl.KieRepositoryImpl  - KieModule was added: MemoryKieModule[releaseId=PS_Routing.drl:road-rep:1.0.0]
2019-02-25 11:02:22,416 [main] INFO  au.edu.swin.ict.road.composite.Composite  - Adding role with id 'PS' to composite roadside
2019-02-25 11:02:22,416 [main] INFO  au.edu.swin.ict.road.common.DroolsRules  - Reading KB from AS_SYN.drl
2019-02-25 11:02:22,416 [main] INFO  org.kie.scanner.embedder.MavenEmbedderUtils  - Not in OSGi: using plexus based maven parser
2019-02-25 11:02:22,510 [main] INFO  org.drools.compiler.kie.builder.impl.KieRepositoryImpl  - KieModule was added: MemoryKieModule[releaseId=AS_SYN.drl:road-rep:1.0.0]
2019-02-25 11:02:22,510 [main] INFO  au.edu.swin.ict.road.common.DroolsRules  - Reading KB from AS_Routing.drl
2019-02-25 11:02:22,525 [main] INFO  org.kie.scanner.embedder.MavenEmbedderUtils  - Not in OSGi: using plexus based maven parser
2019-02-25 11:02:22,603 [main] INFO  org.drools.compiler.kie.builder.impl.KieRepositoryImpl  - KieModule was added: MemoryKieModule[releaseId=AS_Routing.drl:road-rep:1.0.0]
2019-02-25 11:02:22,603 [main] INFO  au.edu.swin.ict.road.composite.Composite  - Adding role with id 'AS' to composite roadside
2019-02-25 11:02:22,603 [main] INFO  au.edu.swin.ict.road.common.DroolsRules  - Reading KB from LF_SYN.drl
2019-02-25 11:02:22,603 [main] INFO  org.kie.scanner.embedder.MavenEmbedderUtils  - Not in OSGi: using plexus based maven parser
2019-02-25 11:02:22,728 [main] INFO  org.drools.compiler.kie.builder.impl.KieRepositoryImpl  - KieModule was added: MemoryKieModule[releaseId=LF_SYN.drl:road-rep:1.0.0]
2019-02-25 11:02:22,728 [main] INFO  au.edu.swin.ict.road.common.DroolsRules  - Reading KB from LF_Routing.drl
2019-02-25 11:02:22,728 [main] INFO  org.kie.scanner.embedder.MavenEmbedderUtils  - Not in OSGi: using plexus based maven parser
2019-02-25 11:02:22,822 [main] INFO  org.drools.compiler.kie.builder.impl.KieRepositoryImpl  - KieModule was added: MemoryKieModule[releaseId=LF_Routing.drl:road-rep:1.0.0]
2019-02-25 11:02:22,838 [main] INFO  au.edu.swin.ict.road.composite.Composite  - Adding role with id 'LF' to composite roadside
2019-02-25 11:02:22,838 [main] INFO  au.edu.swin.ict.road.common.DroolsRules  - Reading KB from HC_SYN.drl
2019-02-25 11:02:22,838 [main] INFO  org.kie.scanner.embedder.MavenEmbedderUtils  - Not in OSGi: using plexus based maven parser
2019-02-25 11:02:22,916 [main] INFO  org.drools.compiler.kie.builder.impl.KieRepositoryImpl  - KieModule was added: MemoryKieModule[releaseId=HC_SYN.drl:road-rep:1.0.0]
2019-02-25 11:02:22,932 [main] INFO  au.edu.swin.ict.road.common.DroolsRules  - Reading KB from HC_Routing.drl
2019-02-25 11:02:22,932 [main] INFO  org.kie.scanner.embedder.MavenEmbedderUtils  - Not in OSGi: using plexus based maven parser
2019-02-25 11:02:23,025 [main] INFO  org.drools.compiler.kie.builder.impl.KieRepositoryImpl  - KieModule was added: MemoryKieModule[releaseId=HC_Routing.drl:road-rep:1.0.0]
2019-02-25 11:02:23,025 [main] INFO  au.edu.swin.ict.road.composite.Composite  - Adding role with id 'HC' to composite roadside
2019-02-25 11:02:23,025 [main] INFO  au.edu.swin.ict.road.common.DroolsRules  - Reading KB from VC_SYN.drl
2019-02-25 11:02:23,025 [main] INFO  org.kie.scanner.embedder.MavenEmbedderUtils  - Not in OSGi: using plexus based maven parser
2019-02-25 11:02:23,135 [main] INFO  org.drools.compiler.kie.builder.impl.KieRepositoryImpl  - KieModule was added: MemoryKieModule[releaseId=VC_SYN.drl:road-rep:1.0.0]
2019-02-25 11:02:23,135 [main] INFO  au.edu.swin.ict.road.common.DroolsRules  - Reading KB from VC_Routing.drl
2019-02-25 11:02:23,135 [main] INFO  org.kie.scanner.embedder.MavenEmbedderUtils  - Not in OSGi: using plexus based maven parser
2019-02-25 11:02:23,228 [main] INFO  org.drools.compiler.kie.builder.impl.KieRepositoryImpl  - KieModule was added: MemoryKieModule[releaseId=VC_Routing.drl:road-rep:1.0.0]
2019-02-25 11:02:23,228 [main] INFO  au.edu.swin.ict.road.composite.Composite  - Adding role with id 'VC' to composite roadside
2019-02-25 11:02:23,228 [main] INFO  au.edu.swin.ict.road.common.DroolsRules  - Reading KB from TX_SYN.drl
2019-02-25 11:02:23,228 [main] INFO  org.kie.scanner.embedder.MavenEmbedderUtils  - Not in OSGi: using plexus based maven parser
2019-02-25 11:02:23,338 [main] INFO  org.drools.compiler.kie.builder.impl.KieRepositoryImpl  - KieModule was added: MemoryKieModule[releaseId=TX_SYN.drl:road-rep:1.0.0]
2019-02-25 11:02:23,338 [main] INFO  au.edu.swin.ict.road.common.DroolsRules  - Reading KB from TX_Routing.drl
2019-02-25 11:02:23,338 [main] INFO  org.kie.scanner.embedder.MavenEmbedderUtils  - Not in OSGi: using plexus based maven parser
2019-02-25 11:02:23,431 [main] INFO  org.drools.compiler.kie.builder.impl.KieRepositoryImpl  - KieModule was added: MemoryKieModule[releaseId=TX_Routing.drl:road-rep:1.0.0]
2019-02-25 11:02:23,431 [main] INFO  au.edu.swin.ict.road.composite.Composite  - Adding role with id 'TX' to composite roadside
2019-02-25 11:02:23,447 [main] INFO  au.edu.swin.ict.road.common.DroolsRules  - Reading KB from SC-MM.drl
2019-02-25 11:02:23,447 [main] INFO  org.kie.scanner.embedder.MavenEmbedderUtils  - Not in OSGi: using plexus based maven parser
2019-02-25 11:02:23,556 [main] INFO  org.drools.compiler.kie.builder.impl.KieRepositoryImpl  - KieModule was added: MemoryKieModule[releaseId=SC-MM.drl:road-rep:1.0.0]
2019-02-25 11:02:23,572 [main] INFO  au.edu.swin.ict.road.composite.Composite  - Adding contract SC-MM to composite roadside
2019-02-25 11:02:23,572 [main] INFO  au.edu.swin.ict.road.common.DroolsRules  - Reading KB from MM-FD.drl
2019-02-25 11:02:23,572 [main] INFO  org.kie.scanner.embedder.MavenEmbedderUtils  - Not in OSGi: using plexus based maven parser
2019-02-25 11:02:23,650 [main] INFO  org.drools.compiler.kie.builder.impl.KieRepositoryImpl  - KieModule was added: MemoryKieModule[releaseId=MM-FD.drl:road-rep:1.0.0]
2019-02-25 11:02:23,666 [main] INFO  au.edu.swin.ict.road.composite.Composite  - Adding contract MM-FD to composite roadside
2019-02-25 11:02:23,666 [main] INFO  au.edu.swin.ict.road.common.DroolsRules  - Reading KB from SC-TC2.drl
2019-02-25 11:02:23,666 [main] INFO  org.kie.scanner.embedder.MavenEmbedderUtils  - Not in OSGi: using plexus based maven parser
2019-02-25 11:02:23,759 [main] INFO  org.drools.compiler.kie.builder.impl.KieRepositoryImpl  - KieModule was added: MemoryKieModule[releaseId=SC-TC2.drl:road-rep:1.0.0]
2019-02-25 11:02:23,759 [main] INFO  au.edu.swin.ict.road.composite.Composite  - Adding contract SC-TC2 to composite roadside
2019-02-25 11:02:23,759 [main] INFO  au.edu.swin.ict.road.common.DroolsRules  - Reading KB from GC1-TC2.drl
2019-02-25 11:02:23,759 [main] INFO  org.kie.scanner.embedder.MavenEmbedderUtils  - Not in OSGi: using plexus based maven parser
2019-02-25 11:02:23,869 [main] INFO  org.drools.compiler.kie.builder.impl.KieRepositoryImpl  - KieModule was added: MemoryKieModule[releaseId=GC1-TC2.drl:road-rep:1.0.0]
2019-02-25 11:02:23,869 [main] INFO  au.edu.swin.ict.road.composite.Composite  - Adding contract GC1-TC2 to composite roadside
2019-02-25 11:02:23,869 [main] INFO  au.edu.swin.ict.road.common.DroolsRules  - Reading KB from SC-GC1.drl
2019-02-25 11:02:23,869 [main] INFO  org.kie.scanner.embedder.MavenEmbedderUtils  - Not in OSGi: using plexus based maven parser
2019-02-25 11:02:23,963 [main] INFO  org.drools.compiler.kie.builder.impl.KieRepositoryImpl  - KieModule was added: MemoryKieModule[releaseId=SC-GC1.drl:road-rep:1.0.0]
2019-02-25 11:02:23,963 [main] INFO  au.edu.swin.ict.road.composite.Composite  - Adding contract SC-GC1 to composite roadside
2019-02-25 11:02:23,963 [main] INFO  au.edu.swin.ict.road.common.DroolsRules  - Reading KB from GC1-PS.drl
2019-02-25 11:02:23,963 [main] INFO  org.kie.scanner.embedder.MavenEmbedderUtils  - Not in OSGi: using plexus based maven parser
2019-02-25 11:02:24,056 [main] INFO  org.drools.compiler.kie.builder.impl.KieRepositoryImpl  - KieModule was added: MemoryKieModule[releaseId=GC1-PS.drl:road-rep:1.0.0]
2019-02-25 11:02:24,056 [main] INFO  au.edu.swin.ict.road.composite.Composite  - Adding contract GC1-PS to composite roadside
2019-02-25 11:02:24,056 [main] INFO  au.edu.swin.ict.road.common.DroolsRules  - Reading KB from PS-SC.drl
2019-02-25 11:02:24,056 [main] INFO  org.kie.scanner.embedder.MavenEmbedderUtils  - Not in OSGi: using plexus based maven parser
2019-02-25 11:02:24,181 [main] INFO  org.drools.compiler.kie.builder.impl.KieRepositoryImpl  - KieModule was added: MemoryKieModule[releaseId=PS-SC.drl:road-rep:1.0.0]
2019-02-25 11:02:24,181 [main] INFO  au.edu.swin.ict.road.composite.Composite  - Adding contract PS-SC to composite roadside
2019-02-25 11:02:24,181 [main] INFO  au.edu.swin.ict.road.common.DroolsRules  - Reading KB from GC1-AS.drl
2019-02-25 11:02:24,181 [main] INFO  org.kie.scanner.embedder.MavenEmbedderUtils  - Not in OSGi: using plexus based maven parser
2019-02-25 11:02:24,291 [main] INFO  org.drools.compiler.kie.builder.impl.KieRepositoryImpl  - KieModule was added: MemoryKieModule[releaseId=GC1-AS.drl:road-rep:1.0.0]
2019-02-25 11:02:24,291 [main] INFO  au.edu.swin.ict.road.composite.Composite  - Adding contract GC1-AS to composite roadside
2019-02-25 11:02:24,291 [main] INFO  au.edu.swin.ict.road.common.DroolsRules  - Reading KB from AS-SC.drl
2019-02-25 11:02:24,291 [main] INFO  org.kie.scanner.embedder.MavenEmbedderUtils  - Not in OSGi: using plexus based maven parser
2019-02-25 11:02:24,369 [main] INFO  org.drools.compiler.kie.builder.impl.KieRepositoryImpl  - KieModule was added: MemoryKieModule[releaseId=AS-SC.drl:road-rep:1.0.0]
2019-02-25 11:02:24,369 [main] INFO  au.edu.swin.ict.road.composite.Composite  - Adding contract AS-SC to composite roadside
2019-02-25 11:02:24,369 [main] INFO  au.edu.swin.ict.road.common.DroolsRules  - Reading KB from SC-LF.drl
2019-02-25 11:02:24,369 [main] INFO  org.kie.scanner.embedder.MavenEmbedderUtils  - Not in OSGi: using plexus based maven parser
2019-02-25 11:02:24,478 [main] INFO  org.drools.compiler.kie.builder.impl.KieRepositoryImpl  - KieModule was added: MemoryKieModule[releaseId=SC-LF.drl:road-rep:1.0.0]
2019-02-25 11:02:24,478 [main] INFO  au.edu.swin.ict.road.composite.Composite  - Adding contract SC-LF to composite roadside
2019-02-25 11:02:24,478 [main] INFO  au.edu.swin.ict.road.common.DroolsRules  - Reading KB from LF-TC2.drl
2019-02-25 11:02:24,478 [main] INFO  org.kie.scanner.embedder.MavenEmbedderUtils  - Not in OSGi: using plexus based maven parser
2019-02-25 11:02:24,556 [main] INFO  org.drools.compiler.kie.builder.impl.KieRepositoryImpl  - KieModule was added: MemoryKieModule[releaseId=LF-TC2.drl:road-rep:1.0.0]
2019-02-25 11:02:24,556 [main] INFO  au.edu.swin.ict.road.composite.Composite  - Adding contract LF-TC2 to composite roadside
2019-02-25 11:02:24,556 [main] INFO  au.edu.swin.ict.road.common.DroolsRules  - Reading KB from SC-HC.drl
2019-02-25 11:02:24,572 [main] INFO  org.kie.scanner.embedder.MavenEmbedderUtils  - Not in OSGi: using plexus based maven parser
2019-02-25 11:02:24,665 [main] INFO  org.drools.compiler.kie.builder.impl.KieRepositoryImpl  - KieModule was added: MemoryKieModule[releaseId=SC-HC.drl:road-rep:1.0.0]
2019-02-25 11:02:24,681 [main] INFO  au.edu.swin.ict.road.composite.Composite  - Adding contract SC-HC to composite roadside
2019-02-25 11:02:24,681 [main] INFO  au.edu.swin.ict.road.common.DroolsRules  - Reading KB from SC-VC.drl
2019-02-25 11:02:24,681 [main] INFO  org.kie.scanner.embedder.MavenEmbedderUtils  - Not in OSGi: using plexus based maven parser
2019-02-25 11:02:24,775 [main] INFO  org.drools.compiler.kie.builder.impl.KieRepositoryImpl  - KieModule was added: MemoryKieModule[releaseId=SC-VC.drl:road-rep:1.0.0]
2019-02-25 11:02:24,790 [main] INFO  au.edu.swin.ict.road.composite.Composite  - Adding contract SC-VC to composite roadside
2019-02-25 11:02:24,790 [main] INFO  au.edu.swin.ict.road.common.DroolsRules  - Reading KB from SC-TX.drl
2019-02-25 11:02:24,790 [main] INFO  org.kie.scanner.embedder.MavenEmbedderUtils  - Not in OSGi: using plexus based maven parser
2019-02-25 11:02:24,884 [main] INFO  org.drools.compiler.kie.builder.impl.KieRepositoryImpl  - KieModule was added: MemoryKieModule[releaseId=SC-TX.drl:road-rep:1.0.0]
2019-02-25 11:02:24,884 [main] INFO  au.edu.swin.ict.road.composite.Composite  - Adding contract SC-TX to composite roadside
2019-02-25 11:02:24,884 [main] INFO  au.edu.swin.ict.road.common.DroolsRules  - Reading KB from TX-MM.drl
2019-02-25 11:02:24,884 [main] INFO  org.kie.scanner.embedder.MavenEmbedderUtils  - Not in OSGi: using plexus based maven parser
2019-02-25 11:02:24,962 [main] INFO  org.drools.compiler.kie.builder.impl.KieRepositoryImpl  - KieModule was added: MemoryKieModule[releaseId=TX-MM.drl:road-rep:1.0.0]
2019-02-25 11:02:24,962 [main] INFO  au.edu.swin.ict.road.composite.Composite  - Adding contract TX-MM to composite roadside
2019-02-25 11:02:24,962 [main] INFO  au.edu.swin.ict.road.composite.Composite  - Deploying the regulation policy for the VSN : TestTenant as [ruAdmissionV1, ruCreateVsnInstance, ruDrop]
2019-02-25 11:02:24,962 [main] INFO  au.edu.swin.ict.road.composite.Composite  - Deploying the process TestTenant of the VSN : TestTenant
2019-02-25 11:02:24,978 [main] INFO  au.edu.swin.ict.road.composite.Composite  - Deploying regulation policy of the process TestTenant of the VSN : TestTenant as [CaseHandling, Reimbursement, TowingByTomTow, RepairingByMacRepair, PartsSupplyByJack, VehicleAssessment, LegalAssistance, RentingRoom, RentingVehicle, HiringTaxi]
2019-02-25 11:02:24,978 [main] INFO  au.edu.swin.ict.road.composite.Composite  - Deploying regulation policy of the process TestTenant of the VSN : TestTenant as [ruTerminateV1, ruActivateV1]
2019-02-25 11:02:24,978 [main] INFO  au.edu.swin.ict.serendip.core.SerendipEngine  - MM subscribed to the engine
2019-02-25 11:02:24,978 [main] INFO  au.edu.swin.ict.serendip.core.SerendipEngine  - SC subscribed to the engine
2019-02-25 11:02:24,978 [main] INFO  au.edu.swin.ict.serendip.core.SerendipEngine  - TC2 subscribed to the engine
2019-02-25 11:02:24,978 [main] INFO  au.edu.swin.ict.serendip.core.SerendipEngine  - AS subscribed to the engine
2019-02-25 11:02:24,978 [main] INFO  au.edu.swin.ict.serendip.core.SerendipEngine  - PS subscribed to the engine
2019-02-25 11:02:24,978 [main] INFO  au.edu.swin.ict.serendip.core.SerendipEngine  - GC1 subscribed to the engine
2019-02-25 11:02:24,978 [main] INFO  au.edu.swin.ict.serendip.core.SerendipEngine  - TX subscribed to the engine
2019-02-25 11:02:24,978 [main] INFO  au.edu.swin.ict.serendip.core.SerendipEngine  - LF subscribed to the engine
2019-02-25 11:02:24,978 [main] INFO  au.edu.swin.ict.serendip.core.SerendipEngine  - HC subscribed to the engine
2019-02-25 11:02:24,978 [main] INFO  au.edu.swin.ict.serendip.core.SerendipEngine  - VC subscribed to the engine
2019-02-25 11:02:24,978 [main] INFO  au.edu.swin.ict.serendip.core.SerendipEngine  - FD subscribed to the engine
2019-02-25 11:02:24,978 [main] INFO  au.edu.swin.ict.road.composite.Composite  - Deployment complete
2019-02-25 11:02:24,978 [main] INFO  au.edu.swin.ict.road.demarshalling.CompositeDemarshaller  - Serendip adminview disabled. If you need to monitor processes set SERENDIP_SHOW_ADMIN_VIEW=TRUEin serendip.properties file
2019-02-25 11:02:24,978 [main] INFO  au.edu.swin.ict.road.demarshalling.CompositeDemarshaller  - Finished instantiation of src\main\resources\roadside_oh\smc_target.xml
2019-02-25 11:02:24,978 [Thread-4] INFO  au.edu.swin.ict.road.composite.Composite  - Composite is now running...
2019-02-25 11:02:29,978 [main] INFO  au.edu.swin.ict.road.common.DroolsRules  - Reading KB from cus_policy.drl
2019-02-25 11:02:29,978 [main] INFO  org.kie.scanner.embedder.MavenEmbedderUtils  - Not in OSGi: using plexus based maven parser
2019-02-25 11:02:30,135 [main] INFO  org.drools.compiler.kie.builder.impl.KieRepositoryImpl  - KieModule was added: MemoryKieModule[releaseId=cus_policy.drl:road-rep:1.0.0]
2019-02-25 11:02:30,291 [main] INFO  au.edu.swin.ict.road.composite.OrganiserRole  - Organiser: Contains a VSN : TestTenant
2019-02-25 11:02:30,291 [main] INFO  au.edu.swin.ict.road.composite.OperationalManagerRole  - Operational Manager : add regulation units CaseHandling to the process : TestTenant
2019-02-25 11:02:30,291 [main] INFO  au.edu.swin.ict.road.composite.Composite  - Deploying regulation policy of the process TestTenant of the VSN : TestTenant as []
2019-02-25 11:02:30,291 [main] INFO  au.edu.swin.ict.road.composite.Composite  - Deploying regulation policy of the process TestTenant of the VSN : TestTenant as [CaseHandling]
2019-02-25 11:02:30,291 [main] INFO  au.edu.swin.ict.road.common.OperationalMgtOpResult  - The regulation units to the process TestTenanthave been added.
2019-02-25 11:02:30,291 [main] INFO  au.edu.swin.ict.road.composite.OrganiserRole  - Organiser: Contains a VSN : TestTenant
2019-02-25 11:02:30,291 [main] INFO  au.edu.swin.ict.road.composite.OperationalManagerRole  - Operational Manager : add regulation units Reimbursement to the process : TestTenant
2019-02-25 11:02:30,291 [main] INFO  au.edu.swin.ict.road.composite.Composite  - Deploying regulation policy of the process TestTenant of the VSN : TestTenant as []
2019-02-25 11:02:30,291 [main] INFO  au.edu.swin.ict.road.composite.Composite  - Deploying regulation policy of the process TestTenant of the VSN : TestTenant as [Reimbursement]
2019-02-25 11:02:30,291 [main] INFO  au.edu.swin.ict.road.common.OperationalMgtOpResult  - The regulation units to the process TestTenanthave been added.
2019-02-25 11:02:30,291 [main] INFO  au.edu.swin.ict.road.composite.OrganiserRole  - Organiser: Contains a VSN : TestTenant
2019-02-25 11:02:30,291 [main] INFO  au.edu.swin.ict.road.composite.OperationalManagerRole  - Operational Manager : add regulation units TowingByTomTow to the process : TestTenant
2019-02-25 11:02:30,291 [main] INFO  au.edu.swin.ict.road.composite.Composite  - Deploying regulation policy of the process TestTenant of the VSN : TestTenant as []
2019-02-25 11:02:30,291 [main] INFO  au.edu.swin.ict.road.composite.Composite  - Deploying regulation policy of the process TestTenant of the VSN : TestTenant as [TowingByTomTow]
2019-02-25 11:02:30,291 [main] INFO  au.edu.swin.ict.road.common.OperationalMgtOpResult  - The regulation units to the process TestTenanthave been added.
2019-02-25 11:02:30,291 [main] INFO  au.edu.swin.ict.road.composite.OrganiserRole  - Organiser: Contains a VSN : TestTenant
2019-02-25 11:02:30,291 [main] INFO  au.edu.swin.ict.road.composite.OperationalManagerRole  - Operational Manager : add regulation units RepairingByMacRepair to the process : TestTenant
2019-02-25 11:02:30,291 [main] INFO  au.edu.swin.ict.road.composite.Composite  - Deploying regulation policy of the process TestTenant of the VSN : TestTenant as []
2019-02-25 11:02:30,291 [main] INFO  au.edu.swin.ict.road.composite.Composite  - Deploying regulation policy of the process TestTenant of the VSN : TestTenant as [RepairingByMacRepair]
2019-02-25 11:02:30,291 [main] INFO  au.edu.swin.ict.road.common.OperationalMgtOpResult  - The regulation units to the process TestTenanthave been added.
2019-02-25 11:02:30,291 [main] INFO  au.edu.swin.ict.road.composite.OrganiserRole  - Organiser: Contains a VSN : TestTenant
2019-02-25 11:02:30,291 [main] INFO  au.edu.swin.ict.road.composite.OperationalManagerRole  - Operational Manager : add regulation units PartsSupplyByJack to the process : TestTenant
2019-02-25 11:02:30,291 [main] INFO  au.edu.swin.ict.road.composite.Composite  - Deploying regulation policy of the process TestTenant of the VSN : TestTenant as []
2019-02-25 11:02:30,291 [main] INFO  au.edu.swin.ict.road.composite.Composite  - Deploying regulation policy of the process TestTenant of the VSN : TestTenant as [PartsSupplyByJack]
2019-02-25 11:02:30,291 [main] INFO  au.edu.swin.ict.road.common.OperationalMgtOpResult  - The regulation units to the process TestTenanthave been added.
2019-02-25 11:02:30,291 [main] INFO  au.edu.swin.ict.road.composite.OrganiserRole  - Organiser: Contains a VSN : TestTenant
2019-02-25 11:02:30,291 [main] INFO  au.edu.swin.ict.road.composite.OperationalManagerRole  - Operational Manager : add regulation units VehicleAssessment to the process : TestTenant
2019-02-25 11:02:30,291 [main] INFO  au.edu.swin.ict.road.composite.Composite  - Deploying regulation policy of the process TestTenant of the VSN : TestTenant as []
2019-02-25 11:02:30,291 [main] INFO  au.edu.swin.ict.road.composite.Composite  - Deploying regulation policy of the process TestTenant of the VSN : TestTenant as [VehicleAssessment]
2019-02-25 11:02:30,291 [main] INFO  au.edu.swin.ict.road.common.OperationalMgtOpResult  - The regulation units to the process TestTenanthave been added.
2019-02-25 11:02:30,307 [main] INFO  au.edu.swin.ict.road.composite.OrganiserRole  - Organiser: Contains a VSN : TestTenant
2019-02-25 11:02:30,307 [main] INFO  au.edu.swin.ict.road.composite.OperationalManagerRole  - Operational Manager : add regulation units LegalAssistance to the process : TestTenant
2019-02-25 11:02:30,307 [main] INFO  au.edu.swin.ict.road.composite.Composite  - Deploying regulation policy of the process TestTenant of the VSN : TestTenant as []
2019-02-25 11:02:30,307 [main] INFO  au.edu.swin.ict.road.composite.Composite  - Deploying regulation policy of the process TestTenant of the VSN : TestTenant as [LegalAssistance]
2019-02-25 11:02:30,307 [main] INFO  au.edu.swin.ict.road.common.OperationalMgtOpResult  - The regulation units to the process TestTenanthave been added.
2019-02-25 11:02:30,307 [main] INFO  au.edu.swin.ict.road.composite.OrganiserRole  - Organiser: Contains a VSN : TestTenant
2019-02-25 11:02:30,307 [main] INFO  au.edu.swin.ict.road.composite.OperationalManagerRole  - Operational Manager : add regulation units RentingVehicle to the process : TestTenant
2019-02-25 11:02:30,307 [main] INFO  au.edu.swin.ict.road.composite.Composite  - Deploying regulation policy of the process TestTenant of the VSN : TestTenant as []
2019-02-25 11:02:30,307 [main] INFO  au.edu.swin.ict.road.composite.Composite  - Deploying regulation policy of the process TestTenant of the VSN : TestTenant as [RentingVehicle]
2019-02-25 11:02:30,307 [main] INFO  au.edu.swin.ict.road.common.OperationalMgtOpResult  - The regulation units to the process TestTenanthave been added.
2019-02-25 11:02:30,307 [main] INFO  au.edu.swin.ict.road.composite.OrganiserRole  - Organiser: Contains a VSN : TestTenant
2019-02-25 11:02:30,307 [main] INFO  au.edu.swin.ict.road.composite.OperationalManagerRole  - Operational Manager : add regulation units RentingRoom to the process : TestTenant
2019-02-25 11:02:30,307 [main] INFO  au.edu.swin.ict.road.composite.Composite  - Deploying regulation policy of the process TestTenant of the VSN : TestTenant as []
2019-02-25 11:02:30,307 [main] INFO  au.edu.swin.ict.road.composite.Composite  - Deploying regulation policy of the process TestTenant of the VSN : TestTenant as [RentingRoom]
2019-02-25 11:02:30,307 [main] INFO  au.edu.swin.ict.road.common.OperationalMgtOpResult  - The regulation units to the process TestTenanthave been added.
2019-02-25 11:02:30,307 [main] INFO  CUS  - 157
